<?xml version="1.0" encoding="UTF-8"?>
<!-- Generated by org.testng.reporters.JUnitXMLReporter -->
<testsuite hostname="HBADT4950189" ignored="10" name="Test" tests="18" failures="1" timestamp="12 Mar 2021 11:08:35 GMT" time="76.938" errors="0">
  <testcase name="checkTitle" time="0.018" classname="com.qa.testscripts.OrangeHRMALLTextBoxAllHyperLinkAllImagesTC2andTC3andTC4andTC5andTC7"/>
  <testcase name="getALLTextBoxAllHyperLinkAllImages" time="0.047" classname="com.qa.testscripts.OrangeHRMALLTextBoxAllHyperLinkAllImagesTC2andTC3andTC4andTC5andTC7"/>
  <testcase name="Login" time="9.505" classname="com.qa.testscripts.OrangeHRMALLTextBoxAllHyperLinkAllImagesTC2andTC3andTC4andTC5andTC7"/>
  <testcase name="ValidatingSubMenuOnAdminMenu" time="10.696" classname="com.qa.testscripts.OrangeHRMALLTextBoxAllHyperLinkAllImagesTC2andTC3andTC4andTC5andTC7"/>
  <testcase name="AdminMenu" time="1.843" classname="com.qa.testscripts.getPageTitleForDifferentMenusTC8"/>
  <testcase name="PIMMenu" time="1.829" classname="com.qa.testscripts.getPageTitleForDifferentMenusTC8"/>
  <testcase name="LeaveMenu" time="3.166" classname="com.qa.testscripts.getPageTitleForDifferentMenusTC8"/>
  <testcase name="DashboardMenu" time="1.207" classname="com.qa.testscripts.getPageTitleForDifferentMenusTC8"/>
  <testcase name="DirectoryMenu" time="6.098" classname="com.qa.testscripts.getPageTitleForDifferentMenusTC8"/>
  <testcase name="MaintenanceMenu" time="1.071" classname="com.qa.testscripts.getPageTitleForDifferentMenusTC8"/>
  <testcase name="readDashboardAndtakeCaptureDashboardMenu" time="4.055" classname="com.qa.testscripts.readDashboardHeadingTC10andTC11andTC12"/>
  <testcase name="retryAnalyzerDashboardMenu" time="1.056" classname="com.qa.testscripts.readDashboardHeadingTC10andTC11andTC12">
    <skipped/>
  </testcase> <!-- retryAnalyzerDashboardMenu -->
  <testcase name="retryAnalyzerDashboardMenu" time="1.801" classname="com.qa.testscripts.readDashboardHeadingTC10andTC11andTC12">
    <skipped/>
  </testcase> <!-- retryAnalyzerDashboardMenu -->
  <testcase name="retryAnalyzerDashboardMenu" time="1.735" classname="com.qa.testscripts.readDashboardHeadingTC10andTC11andTC12">
    <skipped/>
  </testcase> <!-- retryAnalyzerDashboardMenu -->
  <testcase name="retryAnalyzerDashboardMenu" time="1.793" classname="com.qa.testscripts.readDashboardHeadingTC10andTC11andTC12">
    <failure type="java.lang.AssertionError" message="expected [true] but found [false]">
      <![CDATA[java.lang.AssertionError: expected [true] but found [false]
at com.qa.testscripts.readDashboardHeadingTC10andTC11andTC12.retryAnalyzerDashboardMenu(readDashboardHeadingTC10andTC11andTC12.java:52)
... Removed 29 stack frames]]>
    </failure>
  </testcase> <!-- retryAnalyzerDashboardMenu -->
  <testcase name="getPIMEmployeeMenu" time="5.335" classname="com.qa.testscripts.getPIMEmployeeTC13"/>
  <testcase name="getElementsByCSSSelector" time="13.714" classname="com.qa.testscripts.getElementByCSSSelectorTC14"/>
  <testcase name="getElementsByXpath" time="11.607" classname="com.qa.testscripts.getElementByXpathTC15"/>
  <testcase name="@BeforeSuite setUp" time="0.0" classname="com.qa.testscripts.TestBaseTC1andTC6andTC9">
    <ignored/>
  </testcase> <!-- @BeforeSuite setUp -->
  <testcase name="@BeforeSuite setUp" time="0.0" classname="com.qa.testscripts.TestBaseTC1andTC6andTC9">
    <ignored/>
  </testcase> <!-- @BeforeSuite setUp -->
  <testcase name="@BeforeSuite setUp" time="0.0" classname="com.qa.testscripts.TestBaseTC1andTC6andTC9">
    <ignored/>
  </testcase> <!-- @BeforeSuite setUp -->
  <testcase name="@BeforeSuite setUp" time="0.0" classname="com.qa.testscripts.TestBaseTC1andTC6andTC9">
    <ignored/>
  </testcase> <!-- @BeforeSuite setUp -->
  <testcase name="@BeforeSuite setUp" time="0.0" classname="com.qa.testscripts.TestBaseTC1andTC6andTC9">
    <ignored/>
  </testcase> <!-- @BeforeSuite setUp -->
  <testcase name="@AfterSuite tearDown" time="0.0" classname="com.qa.testscripts.TestBaseTC1andTC6andTC9">
    <ignored/>
  </testcase> <!-- @AfterSuite tearDown -->
  <testcase name="@AfterSuite tearDown" time="0.0" classname="com.qa.testscripts.TestBaseTC1andTC6andTC9">
    <ignored/>
  </testcase> <!-- @AfterSuite tearDown -->
  <testcase name="@AfterSuite tearDown" time="0.0" classname="com.qa.testscripts.TestBaseTC1andTC6andTC9">
    <ignored/>
  </testcase> <!-- @AfterSuite tearDown -->
  <testcase name="@AfterSuite tearDown" time="0.0" classname="com.qa.testscripts.TestBaseTC1andTC6andTC9">
    <ignored/>
  </testcase> <!-- @AfterSuite tearDown -->
  <testcase name="@AfterSuite tearDown" time="0.0" classname="com.qa.testscripts.TestBaseTC1andTC6andTC9">
    <ignored/>
  </testcase> <!-- @AfterSuite tearDown -->
</testsuite> <!-- Test -->
