<?xml version="1.0" encoding="UTF-8"?>
<!-- Generated by org.testng.reporters.JUnitXMLReporter -->
<testsuite hostname="HBADT4950189" ignored="4" name="Test" tests="11" failures="11" timestamp="03 Mar 2021 09:43:49 GMT" time="0.339" errors="0">
  <testcase name="checkTitle" time="0.006" classname="com.qa.testscripts.OrangeHRMALLTextBoxAllHyperLinkAllImages">
    <failure type="java.lang.AbstractMethodError">
      <![CDATA[java.lang.AbstractMethodError
... Removed 22 stack frames]]>
    </failure>
  </testcase> <!-- checkTitle -->
  <testcase name="getALLTextBoxAllHyperLinkAllImages" time="0.001" classname="com.qa.testscripts.OrangeHRMALLTextBoxAllHyperLinkAllImages">
    <failure type="java.lang.AbstractMethodError">
      <![CDATA[java.lang.AbstractMethodError
... Removed 22 stack frames]]>
    </failure>
  </testcase> <!-- getALLTextBoxAllHyperLinkAllImages -->
  <testcase name="Login" time="0.001" classname="com.qa.testscripts.OrangeHRMALLTextBoxAllHyperLinkAllImages">
    <failure type="java.lang.AbstractMethodError">
      <![CDATA[java.lang.AbstractMethodError
... Removed 22 stack frames]]>
    </failure>
  </testcase> <!-- Login -->
  <testcase name="ValidatingSubMenuOnAdminMenu" time="0.002" classname="com.qa.testscripts.OrangeHRMALLTextBoxAllHyperLinkAllImages">
    <failure type="java.lang.AbstractMethodError">
      <![CDATA[java.lang.AbstractMethodError
... Removed 22 stack frames]]>
    </failure>
  </testcase> <!-- ValidatingSubMenuOnAdminMenu -->
  <testcase name="AdminMenu" time="0.001" classname="com.qa.testscripts.getPageTitleForDifferentMenus">
    <failure type="java.lang.AbstractMethodError">
      <![CDATA[java.lang.AbstractMethodError
... Removed 22 stack frames]]>
    </failure>
  </testcase> <!-- AdminMenu -->
  <testcase name="PIMMenu" time="0.001" classname="com.qa.testscripts.getPageTitleForDifferentMenus">
    <failure type="java.lang.AbstractMethodError">
      <![CDATA[java.lang.AbstractMethodError
... Removed 22 stack frames]]>
    </failure>
  </testcase> <!-- PIMMenu -->
  <testcase name="LeaveMenu" time="0.001" classname="com.qa.testscripts.getPageTitleForDifferentMenus">
    <failure type="java.lang.AbstractMethodError">
      <![CDATA[java.lang.AbstractMethodError
... Removed 22 stack frames]]>
    </failure>
  </testcase> <!-- LeaveMenu -->
  <testcase name="DashboardMenu" time="0.001" classname="com.qa.testscripts.getPageTitleForDifferentMenus">
    <failure type="java.lang.AbstractMethodError">
      <![CDATA[java.lang.AbstractMethodError
... Removed 22 stack frames]]>
    </failure>
  </testcase> <!-- DashboardMenu -->
  <testcase name="DirectoryMenu" time="0.002" classname="com.qa.testscripts.getPageTitleForDifferentMenus">
    <failure type="java.lang.AbstractMethodError">
      <![CDATA[java.lang.AbstractMethodError
... Removed 22 stack frames]]>
    </failure>
  </testcase> <!-- DirectoryMenu -->
  <testcase name="MaintenanceMenu" time="0.002" classname="com.qa.testscripts.getPageTitleForDifferentMenus">
    <failure type="java.lang.AbstractMethodError">
      <![CDATA[java.lang.AbstractMethodError
... Removed 22 stack frames]]>
    </failure>
  </testcase> <!-- MaintenanceMenu -->
  <testcase name="readDashboardMenu" time="0.001" classname="com.qa.testscripts.readDashboardHeading">
    <failure type="java.lang.AbstractMethodError">
      <![CDATA[java.lang.AbstractMethodError
... Removed 22 stack frames]]>
    </failure>
  </testcase> <!-- readDashboardMenu -->
  <testcase name="@BeforeSuite setUp" time="0.0" classname="com.qa.testscripts.TestBase">
    <ignored/>
  </testcase> <!-- @BeforeSuite setUp -->
  <testcase name="@BeforeSuite setUp" time="0.0" classname="com.qa.testscripts.TestBase">
    <ignored/>
  </testcase> <!-- @BeforeSuite setUp -->
  <testcase name="@AfterSuite tearDown" time="0.0" classname="com.qa.testscripts.TestBase">
    <ignored/>
  </testcase> <!-- @AfterSuite tearDown -->
  <testcase name="@AfterSuite tearDown" time="0.0" classname="com.qa.testscripts.TestBase">
    <ignored/>
  </testcase> <!-- @AfterSuite tearDown -->
</testsuite> <!-- Test -->
